CRITICAL - 2022-01-09 13:19:13 --> The framework needs the following extension(s) installed and loaded: intl.
#0 /home/hatsushiroyuki/Development/codeigniter_projects/file-manager/system/CodeIgniter.php(219): CodeIgniter\Exceptions\FrameworkException::forMissingExtension()
#1 /home/hatsushiroyuki/Development/codeigniter_projects/file-manager/system/CodeIgniter.php(177): CodeIgniter\CodeIgniter->resolvePlatformExtensions()
#2 /home/hatsushiroyuki/Development/codeigniter_projects/file-manager/system/bootstrap.php(146): CodeIgniter\CodeIgniter->initialize()
#3 /home/hatsushiroyuki/Development/codeigniter_projects/file-manager/public/index.php(28): require('...')
#4 /home/hatsushiroyuki/.config/composer/vendor/cpriego/valet-linux/server.php(232): require('...')
#5 {main}
CRITICAL - 2022-01-09 13:20:33 --> Call to undefined function CodeIgniter\locale_set_default()
#0 /home/hatsushiroyuki/Development/codeigniter_projects/file-manager/system/bootstrap.php(146): CodeIgniter\CodeIgniter->initialize()
#1 /home/hatsushiroyuki/Development/codeigniter_projects/file-manager/public/index.php(28): require('...')
#2 /home/hatsushiroyuki/.config/composer/vendor/cpriego/valet-linux/server.php(232): require('...')
#3 {main}
CRITICAL - 2022-01-09 13:20:37 --> Call to undefined function CodeIgniter\locale_set_default()
#0 /home/hatsushiroyuki/Development/codeigniter_projects/file-manager/system/bootstrap.php(146): CodeIgniter\CodeIgniter->initialize()
#1 /home/hatsushiroyuki/Development/codeigniter_projects/file-manager/public/index.php(28): require('...')
#2 /home/hatsushiroyuki/.config/composer/vendor/cpriego/valet-linux/server.php(232): require('...')
#3 {main}
CRITICAL - 2022-01-09 13:21:13 --> Call to undefined function CodeIgniter\locale_set_default()
#0 /home/hatsushiroyuki/Development/codeigniter_projects/file-manager/system/bootstrap.php(146): CodeIgniter\CodeIgniter->initialize()
#1 /home/hatsushiroyuki/Development/codeigniter_projects/file-manager/public/index.php(28): require('...')
#2 /home/hatsushiroyuki/.config/composer/vendor/cpriego/valet-linux/server.php(232): require('...')
#3 {main}
CRITICAL - 2022-01-09 00:35:56 --> number_format(): Passing null to parameter #1 ($num) of type float is deprecated
#0 [internal function]: CodeIgniter\Debug\Exceptions->errorHandler()
#1 /home/hatsushiroyuki/Development/codeigniter_projects/file-manager/system/Database/BaseConnection.php(933): number_format()
#2 /home/hatsushiroyuki/Development/codeigniter_projects/file-manager/system/Debug/Toolbar/Collectors/Database.php(112): CodeIgniter\Database\BaseConnection->getConnectDuration()
#3 /home/hatsushiroyuki/Development/codeigniter_projects/file-manager/system/Debug/Toolbar/Collectors/BaseCollector.php(115): CodeIgniter\Debug\Toolbar\Collectors\Database->formatTimelineData()
#4 /home/hatsushiroyuki/Development/codeigniter_projects/file-manager/system/Debug/Toolbar/Collectors/BaseCollector.php(231): CodeIgniter\Debug\Toolbar\Collectors\BaseCollector->timelineData()
#5 /home/hatsushiroyuki/Development/codeigniter_projects/file-manager/system/Debug/Toolbar.php(90): CodeIgniter\Debug\Toolbar\Collectors\BaseCollector->getAsArray()
#6 /home/hatsushiroyuki/Development/codeigniter_projects/file-manager/system/Debug/Toolbar.php(368): CodeIgniter\Debug\Toolbar->run()
#7 /home/hatsushiroyuki/Development/codeigniter_projects/file-manager/system/Filters/DebugToolbar.php(40): CodeIgniter\Debug\Toolbar->prepare()
#8 /home/hatsushiroyuki/Development/codeigniter_projects/file-manager/system/Filters/Filters.php(196): CodeIgniter\Filters\DebugToolbar->after()
#9 /home/hatsushiroyuki/Development/codeigniter_projects/file-manager/system/CodeIgniter.php(429): CodeIgniter\Filters\Filters->run()
#10 /home/hatsushiroyuki/Development/codeigniter_projects/file-manager/system/CodeIgniter.php(320): CodeIgniter\CodeIgniter->handleRequest()
#11 /home/hatsushiroyuki/Development/codeigniter_projects/file-manager/public/index.php(37): CodeIgniter\CodeIgniter->run()
#12 /home/hatsushiroyuki/.config/composer/vendor/cpriego/valet-linux/server.php(232): require('...')
#13 {main}
CRITICAL - 2022-01-09 00:36:03 --> number_format(): Passing null to parameter #1 ($num) of type float is deprecated
#0 [internal function]: CodeIgniter\Debug\Exceptions->errorHandler()
#1 /home/hatsushiroyuki/Development/codeigniter_projects/file-manager/system/Database/BaseConnection.php(933): number_format()
#2 /home/hatsushiroyuki/Development/codeigniter_projects/file-manager/system/Debug/Toolbar/Collectors/Database.php(112): CodeIgniter\Database\BaseConnection->getConnectDuration()
#3 /home/hatsushiroyuki/Development/codeigniter_projects/file-manager/system/Debug/Toolbar/Collectors/BaseCollector.php(115): CodeIgniter\Debug\Toolbar\Collectors\Database->formatTimelineData()
#4 /home/hatsushiroyuki/Development/codeigniter_projects/file-manager/system/Debug/Toolbar/Collectors/BaseCollector.php(231): CodeIgniter\Debug\Toolbar\Collectors\BaseCollector->timelineData()
#5 /home/hatsushiroyuki/Development/codeigniter_projects/file-manager/system/Debug/Toolbar.php(90): CodeIgniter\Debug\Toolbar\Collectors\BaseCollector->getAsArray()
#6 /home/hatsushiroyuki/Development/codeigniter_projects/file-manager/system/Debug/Toolbar.php(368): CodeIgniter\Debug\Toolbar->run()
#7 /home/hatsushiroyuki/Development/codeigniter_projects/file-manager/system/Filters/DebugToolbar.php(40): CodeIgniter\Debug\Toolbar->prepare()
#8 /home/hatsushiroyuki/Development/codeigniter_projects/file-manager/system/Filters/Filters.php(196): CodeIgniter\Filters\DebugToolbar->after()
#9 /home/hatsushiroyuki/Development/codeigniter_projects/file-manager/system/CodeIgniter.php(429): CodeIgniter\Filters\Filters->run()
#10 /home/hatsushiroyuki/Development/codeigniter_projects/file-manager/system/CodeIgniter.php(320): CodeIgniter\CodeIgniter->handleRequest()
#11 /home/hatsushiroyuki/Development/codeigniter_projects/file-manager/public/index.php(37): CodeIgniter\CodeIgniter->run()
#12 /home/hatsushiroyuki/.config/composer/vendor/cpriego/valet-linux/server.php(232): require('...')
#13 {main}
ERROR - 2022-01-09 00:45:57 --> Error connecting to the database: Unknown database 'file_manager'
CRITICAL - 2022-01-09 00:46:23 --> Undefined variable $errors
#0 /home/hatsushiroyuki/Development/codeigniter_projects/file-manager/app/Views/FileManager/new.php(12): CodeIgniter\Debug\Exceptions->errorHandler()
#1 /home/hatsushiroyuki/Development/codeigniter_projects/file-manager/system/View/View.php(210): include('...')
#2 /home/hatsushiroyuki/Development/codeigniter_projects/file-manager/system/View/View.php(213): CodeIgniter\View\View->CodeIgniter\View\{closure}()
#3 /home/hatsushiroyuki/Development/codeigniter_projects/file-manager/system/Common.php(1089): CodeIgniter\View\View->render()
#4 /home/hatsushiroyuki/Development/codeigniter_projects/file-manager/app/Controllers/FileManager.php(39): view()
#5 /home/hatsushiroyuki/Development/codeigniter_projects/file-manager/system/CodeIgniter.php(825): App\Controllers\FileManager->new()
#6 /home/hatsushiroyuki/Development/codeigniter_projects/file-manager/system/CodeIgniter.php(412): CodeIgniter\CodeIgniter->runController()
#7 /home/hatsushiroyuki/Development/codeigniter_projects/file-manager/system/CodeIgniter.php(320): CodeIgniter\CodeIgniter->handleRequest()
#8 /home/hatsushiroyuki/Development/codeigniter_projects/file-manager/public/index.php(37): CodeIgniter\CodeIgniter->run()
#9 /home/hatsushiroyuki/.config/composer/vendor/cpriego/valet-linux/server.php(232): require('...')
#10 {main}
CRITICAL - 2022-01-09 00:46:38 --> Undefined variable $errors
#0 /home/hatsushiroyuki/Development/codeigniter_projects/file-manager/app/Views/FileManager/new.php(12): CodeIgniter\Debug\Exceptions->errorHandler()
#1 /home/hatsushiroyuki/Development/codeigniter_projects/file-manager/system/View/View.php(210): include('...')
#2 /home/hatsushiroyuki/Development/codeigniter_projects/file-manager/system/View/View.php(213): CodeIgniter\View\View->CodeIgniter\View\{closure}()
#3 /home/hatsushiroyuki/Development/codeigniter_projects/file-manager/system/Common.php(1089): CodeIgniter\View\View->render()
#4 /home/hatsushiroyuki/Development/codeigniter_projects/file-manager/app/Controllers/FileManager.php(39): view()
#5 /home/hatsushiroyuki/Development/codeigniter_projects/file-manager/system/CodeIgniter.php(825): App\Controllers\FileManager->new()
#6 /home/hatsushiroyuki/Development/codeigniter_projects/file-manager/system/CodeIgniter.php(412): CodeIgniter\CodeIgniter->runController()
#7 /home/hatsushiroyuki/Development/codeigniter_projects/file-manager/system/CodeIgniter.php(320): CodeIgniter\CodeIgniter->handleRequest()
#8 /home/hatsushiroyuki/Development/codeigniter_projects/file-manager/public/index.php(37): CodeIgniter\CodeIgniter->run()
#9 /home/hatsushiroyuki/.config/composer/vendor/cpriego/valet-linux/server.php(232): require('...')
#10 {main}
CRITICAL - 2022-01-09 00:58:20 --> Undefined property: stdClass::$nama
#0 /home/hatsushiroyuki/Development/codeigniter_projects/file-manager/app/Views/FileManager/new.php(58): CodeIgniter\Debug\Exceptions->errorHandler()
#1 /home/hatsushiroyuki/Development/codeigniter_projects/file-manager/system/View/View.php(210): include('...')
#2 /home/hatsushiroyuki/Development/codeigniter_projects/file-manager/system/View/View.php(213): CodeIgniter\View\View->CodeIgniter\View\{closure}()
#3 /home/hatsushiroyuki/Development/codeigniter_projects/file-manager/system/Common.php(1089): CodeIgniter\View\View->render()
#4 /home/hatsushiroyuki/Development/codeigniter_projects/file-manager/app/Controllers/FileManager.php(20): view()
#5 /home/hatsushiroyuki/Development/codeigniter_projects/file-manager/system/CodeIgniter.php(825): App\Controllers\FileManager->new()
#6 /home/hatsushiroyuki/Development/codeigniter_projects/file-manager/system/CodeIgniter.php(412): CodeIgniter\CodeIgniter->runController()
#7 /home/hatsushiroyuki/Development/codeigniter_projects/file-manager/system/CodeIgniter.php(320): CodeIgniter\CodeIgniter->handleRequest()
#8 /home/hatsushiroyuki/Development/codeigniter_projects/file-manager/public/index.php(37): CodeIgniter\CodeIgniter->run()
#9 /home/hatsushiroyuki/.config/composer/vendor/cpriego/valet-linux/server.php(232): require('...')
#10 {main}
